<?xml version="1.0" encoding="UTF-8"?>
<!-- Generated by org.testng.reporters.JUnitXMLReporter -->
<testsuite ignored="0" hostname="inbd01pc0010" failures="0" tests="5" name="Default test" time="217.001" errors="0" timestamp="2019-12-31T17:25:04 IST">
  <testcase classname="com.bits.qa.testcases.UsCanadaSingleDownloadTest" name="verifyCommission1" time="14.452"/>
  <testcase classname="com.bits.qa.testcases.UsCanadaSingleDownloadTest" name="verifyCommission2" time="15.252"/>
  <testcase classname="com.bits.qa.testcases.UsCanadaSingleDownloadTest" name="verifyCommission3" time="14.113"/>
  <testcase classname="com.bits.qa.testcases.UsCanadaSingleDownloadTest" name="verifyCommission4" time="14.159"/>
  <testcase classname="com.bits.qa.testcases.UsCanadaSingleDownloadTest" name="verifyCommission5" time="14.134"/>
</testsuite> <!-- Default test -->
