<?xml version="1.0" encoding="UTF-8"?>
<testsuite xmlns:xsi="http://www.w3.org/2001/XMLSchema-instance" xsi:schemaLocation="https://maven.apache.org/surefire/maven-surefire-plugin/xsd/surefire-test-report.xsd" name="TestSuite" time="133.982" tests="1" errors="0" skipped="0" failures="1">
  <properties>
[...]
</properties>
  <testcase name="GrandTotal_CommissionComparision" classname="com.bits.qa.testcases.CommissionHistorySingledownloadTest" time="53.169">
    <failure message="no such element: Unable to locate element: {&quot;method&quot;:&quot;xpath&quot;,&quot;selector&quot;:&quot;//*[@id=&quot;ConsulatantTable_0&quot;]/tfoot[1]/tr[3]/td[41]&quot;}&#10;  (Session info: chrome=79.0.3945.88)&#10;For documentation on this error, please visit: https://www.seleniumhq.org/exceptions/no_such_element.html&#10;Build info: version: &apos;3.141.59&apos;, revision: &apos;e82be7d358&apos;, time: &apos;2018-11-14T08:17:03&apos;&#10;System info: host: &apos;INBD01PC27278&apos;, ip: &apos;172.30.26.16&apos;, os.name: &apos;Windows 10&apos;, os.arch: &apos;amd64&apos;, os.version: &apos;10.0&apos;, java.version: &apos;11.0.5&apos;&#10;Driver info: org.openqa.selenium.chrome.ChromeDriver&#10;Capabilities {acceptInsecureCerts: false, browserName: chrome, browserVersion: 79.0.3945.88, chrome: {chromedriverVersion: 78.0.3904.105 (60e2d8774a81..., userDataDir: C:\Users\AAKASH~1.PAL\AppDa...}, goog:chromeOptions: {debuggerAddress: localhost:61897}, javascriptEnabled: true, networkConnectionEnabled: false, pageLoadStrategy: normal, platform: XP, platformName: XP, proxy: Proxy(), setWindowRect: true, strictFileInteractability: false, timeouts: {implicit: 0, pageLoad: 300000, script: 30000}, unhandledPromptBehavior: dismiss and notify}&#10;Session ID: 7e384593db3a1b871ec3dc1b07efc961&#10;*** Element info: {Using=xpath, value=//*[@id=&quot;ConsulatantTable_0&quot;]/tfoot[1]/tr[3]/td[41]}" type="org.openqa.selenium.NoSuchElementException">org.openqa.selenium.NoSuchElementException: 
no such element: Unable to locate element: {"method":"xpath","selector":"//*[@id="ConsulatantTable_0"]/tfoot[1]/tr[3]/td[41]"}
  (Session info: chrome=79.0.3945.88)
For documentation on this error, please visit: https://www.seleniumhq.org/exceptions/no_such_element.html
Build info: version: '3.141.59', revision: 'e82be7d358', time: '2018-11-14T08:17:03'
System info: host: 'INBD01PC27278', ip: '172.30.26.16', os.name: 'Windows 10', os.arch: 'amd64', os.version: '10.0', java.version: '11.0.5'
Driver info: org.openqa.selenium.chrome.ChromeDriver
Capabilities {acceptInsecureCerts: false, browserName: chrome, browserVersion: 79.0.3945.88, chrome: {chromedriverVersion: 78.0.3904.105 (60e2d8774a81..., userDataDir: C:\Users\AAKASH~1.PAL\AppDa...}, goog:chromeOptions: {debuggerAddress: localhost:61897}, javascriptEnabled: true, networkConnectionEnabled: false, pageLoadStrategy: normal, platform: XP, platformName: XP, proxy: Proxy(), setWindowRect: true, strictFileInteractability: false, timeouts: {implicit: 0, pageLoad: 300000, script: 30000}, unhandledPromptBehavior: dismiss and notify}
Session ID: 7e384593db3a1b871ec3dc1b07efc961
*** Element info: {Using=xpath, value=//*[@id="ConsulatantTable_0"]/tfoot[1]/tr[3]/td[41]}
	at com.bits.qa.testcases.CommissionHistorySingledownloadTest.GrandTotal_CommissionComparision(CommissionHistorySingledownloadTest.java:44)
</failure>
    <system-out><![CDATA[Inside
chrome
String 00.00
After changing from string to double 0.0
value1 0.0
]]></system-out>
    <system-err><![CDATA[SLF4J: Failed to load class "org.slf4j.impl.StaticLoggerBinder".
SLF4J: Defaulting to no-operation (NOP) logger implementation
SLF4J: See http://www.slf4j.org/codes.html#StaticLoggerBinder for further details.
Starting ChromeDriver 78.0.3904.105 (60e2d8774a8151efa6a00b1f358371b1e0e07ee2-refs/branch-heads/3904@{#877}) on port 17272
Only local connections are allowed.
Please protect ports used by ChromeDriver and related test frameworks to prevent access by malicious code.
[1577964107.020][WARNING]: This version of ChromeDriver has not been tested with Chrome version 79.
[1577964108.473][WARNING]: This version of ChromeDriver has not been tested with Chrome version 79.
[1577964108.529][WARNING]: This version of ChromeDriver has not been tested with Chrome version 79.
[1577964110.540][WARNING]: Timed out connecting to Chrome, retrying...
Jan 02, 2020 4:51:52 PM org.openqa.selenium.remote.ProtocolHandshake createSession
INFO: Detected dialect: W3C
[1577964115.012][WARNING]: Timed out connecting to Chrome, retrying...
]]></system-err>
  </testcase>
</testsuite>