<?xml version="1.0" encoding="UTF-8"?>
<testng-results total="1" passed="1" failed="0" skipped="0">
  <reporter-output>
  </reporter-output>
  <suite started-at="2019-12-26T12:16:19Z" name="com.bits.qa.testcases.LoginPageTest" finished-at="2019-12-26T12:17:10Z" duration-ms="51027">
    <groups>
    </groups>
    <test started-at="2019-12-26T12:16:19Z" name="Command line test" finished-at="2019-12-26T12:17:10Z" duration-ms="51027">
      <class name="com.bits.qa.testcases.LoginPageTest">
        <test-method is-config="true" signature="setUp()[pri:0, instance:com.bits.qa.testcases.LoginPageTest@23c30a20]" started-at="2019-12-26T17:46:19Z" name="setUp" finished-at="2019-12-26T17:46:47Z" duration-ms="28314" status="PASS">
          <reporter-output>
          </reporter-output>
        </test-method> <!-- setUp -->
        <test-method signature="loginTest()[pri:0, instance:com.bits.qa.testcases.LoginPageTest@23c30a20]" started-at="2019-12-26T17:46:47Z" name="loginTest" finished-at="2019-12-26T17:47:08Z" duration-ms="21414" status="PASS">
          <reporter-output>
          </reporter-output>
        </test-method> <!-- loginTest -->
        <test-method is-config="true" signature="tearDown()[pri:0, instance:com.bits.qa.testcases.LoginPageTest@23c30a20]" started-at="2019-12-26T17:47:08Z" name="tearDown" finished-at="2019-12-26T17:47:10Z" duration-ms="1238" status="PASS">
          <reporter-output>
          </reporter-output>
        </test-method> <!-- tearDown -->
      </class> <!-- com.bits.qa.testcases.LoginPageTest -->
    </test> <!-- Command line test -->
  </suite> <!-- com.bits.qa.testcases.LoginPageTest -->
</testng-results>
