<?xml version="1.0" encoding="UTF-8"?>
<testng-results ignored="0" total="1" passed="1" failed="0" skipped="0">
  <reporter-output>
  </reporter-output>
  <suite started-at="2020-01-10T16:05:57 IST" name="Default suite" finished-at="2020-01-10T16:06:48 IST" duration-ms="50676">
    <groups>
    </groups>
    <test started-at="2020-01-10T16:05:57 IST" name="Default test" finished-at="2020-01-10T16:06:48 IST" duration-ms="50676">
      <class name="com.bits.qa.testcases.SuperAdminDashboardTest">
        <test-method is-config="true" signature="SetUp()[pri:0, instance:com.bits.qa.testcases.SuperAdminDashboardTest@10d307f1]" started-at="2020-01-10T16:05:57 IST" name="SetUp" finished-at="2020-01-10T16:06:27 IST" duration-ms="29964" status="PASS">
          <reporter-output>
          </reporter-output>
        </test-method> <!-- SetUp -->
        <test-method signature="newHiresIndia()[pri:0, instance:com.bits.qa.testcases.SuperAdminDashboardTest@10d307f1]" started-at="2020-01-10T16:06:27 IST" name="newHiresIndia" finished-at="2020-01-10T16:06:47 IST" duration-ms="19480" status="PASS">
          <reporter-output>
          </reporter-output>
        </test-method> <!-- newHiresIndia -->
        <test-method is-config="true" signature="TearDown()[pri:0, instance:com.bits.qa.testcases.SuperAdminDashboardTest@10d307f1]" started-at="2020-01-10T16:06:47 IST" name="TearDown" finished-at="2020-01-10T16:06:48 IST" duration-ms="1100" status="PASS">
          <reporter-output>
          </reporter-output>
        </test-method> <!-- TearDown -->
      </class> <!-- com.bits.qa.testcases.SuperAdminDashboardTest -->
    </test> <!-- Default test -->
  </suite> <!-- Default suite -->
</testng-results>
